<?xml version="1.0" encoding="UTF-8"?>
<testsuite name="org.neatutils.pmon.test.cases.ApiTest" tests="1" skipped="0" failures="1" errors="0" timestamp="2019-07-12T21:19:47" hostname="Aurora" time="14.232">
  <properties/>
  <testcase name="subProgressMonitorExample" classname="org.neatutils.pmon.test.cases.ApiTest" time="14.232">
    <failure message="java.lang.AssertionError: expected:&lt;46&gt; but was:&lt;64&gt;" type="java.lang.AssertionError">java.lang.AssertionError: expected:&lt;46&gt; but was:&lt;64&gt;
	at org.junit.Assert.fail(Assert.java:88)
	at org.junit.Assert.failNotEquals(Assert.java:834)
	at org.junit.Assert.assertEquals(Assert.java:118)
	at kotlin.test.junit.JUnitAsserter.assertEquals(JUnitSupport.kt:32)
	at kotlin.test.AssertionsKt__AssertionsKt.assertEquals(Assertions.kt:51)
	at kotlin.test.AssertionsKt.assertEquals(Unknown Source)
	at kotlin.test.AssertionsKt__AssertionsKt.assertEquals$default(Assertions.kt:50)
	at kotlin.test.AssertionsKt.assertEquals$default(Unknown Source)
	at org.neatutils.pmon.test.cases.ApiTest$subProgressMonitorExample$1$2$1.invoke(ApiTest.kt:62)
	at org.neatutils.pmon.test.cases.ApiTest$subProgressMonitorExample$1$2$1.invoke(ApiTest.kt:9)
	at org.neatutils.pmon.api.ProgressMonitor$task$1.invoke(ProgressMonitor.kt:21)
	at org.neatutils.pmon.api.ProgressMonitor$task$1.invoke(ProgressMonitor.kt:5)
	at org.neatutils.pmon.internal.AbstractProgressMonitor.task(AbstractProgressMonitor.kt:41)
	at org.neatutils.pmon.api.ProgressMonitor$DefaultImpls.task(ProgressMonitor.kt:21)
	at org.neatutils.pmon.internal.ProgressMonitorInternal$DefaultImpls.task(ProgressMonitorInternal.kt)
	at org.neatutils.pmon.internal.AbstractProgressMonitor.task(AbstractProgressMonitor.kt:14)
	at org.neatutils.pmon.test.cases.ApiTest$subProgressMonitorExample$1$2.invoke(ApiTest.kt:57)
	at org.neatutils.pmon.test.cases.ApiTest$subProgressMonitorExample$1$2.invoke(ApiTest.kt:9)
	at org.neatutils.pmon.internal.AbstractProgressMonitor.subTask(AbstractProgressMonitor.kt:79)
	at org.neatutils.pmon.api.ProgressMonitor$DefaultImpls.subTask(ProgressMonitor.kt:27)
	at org.neatutils.pmon.internal.ProgressMonitorInternal$DefaultImpls.subTask(ProgressMonitorInternal.kt)
	at org.neatutils.pmon.internal.AbstractProgressMonitor.subTask(AbstractProgressMonitor.kt:14)
	at org.neatutils.pmon.test.cases.ApiTest$subProgressMonitorExample$1.invoke(ApiTest.kt:54)
	at org.neatutils.pmon.test.cases.ApiTest$subProgressMonitorExample$1.invoke(ApiTest.kt:9)
	at org.neatutils.pmon.api.ProgressMonitor$task$1.invoke(ProgressMonitor.kt:21)
	at org.neatutils.pmon.api.ProgressMonitor$task$1.invoke(ProgressMonitor.kt:5)
	at org.neatutils.pmon.internal.AbstractProgressMonitor.task(AbstractProgressMonitor.kt:41)
	at org.neatutils.pmon.api.ProgressMonitor$DefaultImpls.task(ProgressMonitor.kt:21)
	at org.neatutils.pmon.internal.ProgressMonitorInternal$DefaultImpls.task(ProgressMonitorInternal.kt)
	at org.neatutils.pmon.internal.AbstractProgressMonitor.task(AbstractProgressMonitor.kt:14)
	at org.neatutils.pmon.test.cases.ApiTest.subProgressMonitorExample(ApiTest.kt:32)
	at sun.reflect.NativeMethodAccessorImpl.invoke0(Native Method)
	at sun.reflect.NativeMethodAccessorImpl.invoke(NativeMethodAccessorImpl.java:62)
	at sun.reflect.DelegatingMethodAccessorImpl.invoke(DelegatingMethodAccessorImpl.java:43)
	at java.lang.reflect.Method.invoke(Method.java:498)
	at org.junit.runners.model.FrameworkMethod$1.runReflectiveCall(FrameworkMethod.java:50)
	at org.junit.internal.runners.model.ReflectiveCallable.run(ReflectiveCallable.java:12)
	at org.junit.runners.model.FrameworkMethod.invokeExplosively(FrameworkMethod.java:47)
	at org.junit.internal.runners.statements.InvokeMethod.evaluate(InvokeMethod.java:17)
	at org.junit.runners.ParentRunner.runLeaf(ParentRunner.java:325)
	at org.junit.runners.BlockJUnit4ClassRunner.runChild(BlockJUnit4ClassRunner.java:78)
	at org.junit.runners.BlockJUnit4ClassRunner.runChild(BlockJUnit4ClassRunner.java:57)
	at org.junit.runners.ParentRunner$3.run(ParentRunner.java:290)
	at org.junit.runners.ParentRunner$1.schedule(ParentRunner.java:71)
	at org.junit.runners.ParentRunner.runChildren(ParentRunner.java:288)
	at org.junit.runners.ParentRunner.access$000(ParentRunner.java:58)
	at org.junit.runners.ParentRunner$2.evaluate(ParentRunner.java:268)
	at org.junit.runners.ParentRunner.run(ParentRunner.java:363)
	at org.gradle.api.internal.tasks.testing.junit.JUnitTestClassExecutor.runTestClass(JUnitTestClassExecutor.java:106)
	at org.gradle.api.internal.tasks.testing.junit.JUnitTestClassExecutor.execute(JUnitTestClassExecutor.java:58)
	at org.gradle.api.internal.tasks.testing.junit.JUnitTestClassExecutor.execute(JUnitTestClassExecutor.java:38)
	at org.gradle.api.internal.tasks.testing.junit.AbstractJUnitTestClassProcessor.processTestClass(AbstractJUnitTestClassProcessor.java:66)
	at org.gradle.api.internal.tasks.testing.SuiteTestClassProcessor.processTestClass(SuiteTestClassProcessor.java:51)
	at sun.reflect.NativeMethodAccessorImpl.invoke0(Native Method)
	at sun.reflect.NativeMethodAccessorImpl.invoke(NativeMethodAccessorImpl.java:62)
	at sun.reflect.DelegatingMethodAccessorImpl.invoke(DelegatingMethodAccessorImpl.java:43)
	at java.lang.reflect.Method.invoke(Method.java:498)
	at org.gradle.internal.dispatch.ReflectionDispatch.dispatch(ReflectionDispatch.java:35)
	at org.gradle.internal.dispatch.ReflectionDispatch.dispatch(ReflectionDispatch.java:24)
	at org.gradle.internal.dispatch.ContextClassLoaderDispatch.dispatch(ContextClassLoaderDispatch.java:32)
	at org.gradle.internal.dispatch.ProxyDispatchAdapter$DispatchingInvocationHandler.invoke(ProxyDispatchAdapter.java:93)
	at com.sun.proxy.$Proxy2.processTestClass(Unknown Source)
	at org.gradle.api.internal.tasks.testing.worker.TestWorker.processTestClass(TestWorker.java:117)
	at sun.reflect.NativeMethodAccessorImpl.invoke0(Native Method)
	at sun.reflect.NativeMethodAccessorImpl.invoke(NativeMethodAccessorImpl.java:62)
	at sun.reflect.DelegatingMethodAccessorImpl.invoke(DelegatingMethodAccessorImpl.java:43)
	at java.lang.reflect.Method.invoke(Method.java:498)
	at org.gradle.internal.dispatch.ReflectionDispatch.dispatch(ReflectionDispatch.java:35)
	at org.gradle.internal.dispatch.ReflectionDispatch.dispatch(ReflectionDispatch.java:24)
	at org.gradle.internal.remote.internal.hub.MessageHubBackedObjectConnection$DispatchWrapper.dispatch(MessageHubBackedObjectConnection.java:155)
	at org.gradle.internal.remote.internal.hub.MessageHubBackedObjectConnection$DispatchWrapper.dispatch(MessageHubBackedObjectConnection.java:137)
	at org.gradle.internal.remote.internal.hub.MessageHub$Handler.run(MessageHub.java:404)
	at org.gradle.internal.concurrent.ExecutorPolicy$CatchAndRecordFailures.onExecute(ExecutorPolicy.java:63)
	at org.gradle.internal.concurrent.ManagedExecutorImpl$1.run(ManagedExecutorImpl.java:46)
	at java.util.concurrent.ThreadPoolExecutor.runWorker(ThreadPoolExecutor.java:1142)
	at java.util.concurrent.ThreadPoolExecutor$Worker.run(ThreadPoolExecutor.java:617)
	at org.gradle.internal.concurrent.ThreadFactoryImpl$ManagedThreadRunnable.run(ThreadFactoryImpl.java:55)
	at java.lang.Thread.run(Thread.java:745)
</failure>
  </testcase>
  <system-out><![CDATA[Monitor Parent Task got requested to set its work units allocated for Sub 1 to 5.0.
Monitor Parent Task got requested to set its work units allocated for Sub 1 to 10.0.
Monitor Parent Task got requested to set its work units allocated for Sub 2 to 18.0.
Monitor Parent Task got requested to set its work units allocated for Sub 2 to 36.0.
]]></system-out>
  <system-err><![CDATA[]]></system-err>
</testsuite>
